\BOOKMARK [1][-]{section.1}{\376\377\000I\000n\000t\000r\000o\000d\000u\000c\000t\000i\000o\000n}{}% 1
\BOOKMARK [1][-]{section.2}{\376\377\000E\000n\000z\000y\000m\000e\000\040\000S\000t\000r\000u\000c\000t\000u\000r\000e}{}% 2
\BOOKMARK [2][-]{subsection.2.1}{\376\377\000S\000u\000b\000u\000n\000i\000t\000s}{section.2}% 3
\BOOKMARK [2][-]{subsection.2.2}{\376\377\0003\000D\000\040\000S\000t\000r\000u\000c\000t\000u\000r\000e}{section.2}% 4
\BOOKMARK [3][-]{subsubsection.2.2.1}{\376\377\000F\000-\000O\000n\000e}{subsection.2.2}% 5
\BOOKMARK [3][-]{subsubsection.2.2.2}{\376\377\000F\000-\000Z\000e\000r\000o}{subsection.2.2}% 6
\BOOKMARK [1][-]{section.3}{\376\377\000M\000e\000c\000h\000a\000n\000i\000s\000m}{}% 7
\BOOKMARK [1][-]{section.4}{\376\377\000V\000a\000r\000i\000a\000n\000c\000e}{}% 8
\BOOKMARK [2][-]{subsection.4.1}{\376\377\000E\000v\000o\000l\000u\000t\000i\000o\000n}{section.4}% 9
\BOOKMARK [2][-]{subsection.4.2}{\376\377\000S\000t\000r\000u\000c\000t\000u\000r\000a\000l\000\040\000D\000i\000f\000f\000e\000r\000e\000n\000c\000e\000s}{section.4}% 10
\BOOKMARK [3][-]{subsubsection.4.2.1}{\376\377\000F\000-\000T\000y\000p\000e}{subsection.4.2}% 11
\BOOKMARK [3][-]{subsubsection.4.2.2}{\376\377\000V\000-\000T\000y\000p\000e}{subsection.4.2}% 12
\BOOKMARK [3][-]{subsubsection.4.2.3}{\376\377\000A\000-\000T\000y\000p\000e}{subsection.4.2}% 13
\BOOKMARK [2][-]{subsection.4.3}{\376\377\000F\000u\000n\000c\000t\000i\000o\000n\000a\000l\000\040\000D\000i\000f\000f\000e\000r\000e\000n\000c\000e\000s}{section.4}% 14
\BOOKMARK [1][-]{section.5}{\376\377\000A\000D\000P\000\040\000N\000e\000g\000a\000t\000i\000v\000e\000\040\000R\000e\000g\000u\000l\000a\000t\000i\000o\000n}{}% 15
\BOOKMARK [2][-]{subsection.5.1}{\376\377\000O\000v\000e\000r\000v\000i\000e\000w}{section.5}% 16
\BOOKMARK [2][-]{subsection.5.2}{\376\377\000P\000r\000o\000c\000e\000s\000s}{section.5}% 17
\BOOKMARK [2][-]{subsection.5.3}{\376\377\000R\000e\000g\000u\000l\000a\000t\000o\000r\000y\000\040\000P\000r\000o\000t\000e\000i\000n\000s}{section.5}% 18
\BOOKMARK [1][-]{section.6}{\376\377\000S\000u\000b\000u\000n\000i\000t\000\040\000E\000p\000s\000i\000l\000o\000n}{}% 19
\BOOKMARK [1][-]{section.7}{\376\377\000C\000o\000n\000f\000o\000r\000m\000a\000t\000i\000o\000n\000a\000l\000\040\000T\000r\000a\000n\000s\000i\000t\000i\000o\000n\000s}{}% 20
